Split on: attr 2 value ,   (count 139 )
 Leaf: class is not-2 count 18
 Split on: attr 3 value ,   (count 121 )
  Leaf: class is not-2 count 11
  Split on: attr 4 value ,   (count 110 )
   Leaf: class is not-2 count 1
   Split on: attr 5 value ,   (count 109 )
    Split on: attr 6 value ,   (count 4 )
     Split on: attr 8 value ,   (count 4 )
      Split on: attr 9 value ,   (count 2 )
       Split on: attr 7 value ,   (count 2 )
        Split on: attr 7 value 0   (count 2 )
         Leaf: class is 2 count 0
         Split on: attr 6 value 0   (count 2 )
          Leaf: class is 2 count 0
          Split on: attr 3 value 0   (count 2 )
           Leaf: class is 2 count 0
           Split on: attr 9 value 0   (count 2 )
            Leaf: class is 2 count 0
            Split on: attr 4 value 0   (count 2 )
             Leaf: class is 2 count 0
             Split on: attr 8 value 0   (count 2 )
              Leaf: class is 2 count 0
              Split on: attr 5 value 0   (count 2 )
               Leaf: class is 2 count 0
               Split on: attr 2 value 1   (count 2 )
                Leaf: class is 2 count 1
                Leaf: class is not-2 count 1
        Leaf: class is 2 count 0
       Leaf: class is 2 count 0
      Leaf: class is not-2 count 2
     Leaf: class is 2 count 0
    Split on: attr 6 value ,   (count 105 )
     Leaf: class is not-2 count 1
     Split on: attr 8 value ,   (count 104 )
      Split on: attr 9 value ,   (count 10 )
       Split on: attr 7 value ,   (count 9 )
        Split on: attr 7 value 0   (count 9 )
         Leaf: class is 2 count 0
         Split on: attr 6 value 0   (count 9 )
          Leaf: class is 2 count 0
          Split on: attr 3 value 0   (count 9 )
           Leaf: class is 2 count 0
           Split on: attr 9 value 0   (count 9 )
            Leaf: class is 2 count 0
            Split on: attr 4 value 0   (count 9 )
             Leaf: class is 2 count 0
             Split on: attr 8 value 0   (count 9 )
              Leaf: class is 2 count 0
              Split on: attr 5 value 0   (count 9 )
               Leaf: class is 2 count 0
               Split on: attr 2 value 1   (count 9 )
                Leaf: class is 2 count 0
                Split on: attr 3 value 1   (count 9 )
                 Leaf: class is 2 count 0
                 Split on: attr 4 value 1   (count 9 )
                  Leaf: class is 2 count 0
                  Split on: attr 6 value 1   (count 9 )
                   Split on: attr 7 value 1   (count 9 )
                    Leaf: class is 2 count 0
                    Split on: attr 8 value 1   (count 9 )
                     Leaf: class is 2 count 0
                     Split on: attr 9 value 1   (count 9 )
                      Leaf: class is 2 count 0
                      Split on: attr 1 value 1   (count 9 )
                       Leaf: class is 2 count 0
                       Split on: attr 5 value 1   (count 9 )
                        Leaf: class is 2 count 0
                        Split on: attr 5 value 2   (count 9 )
                         Leaf: class is not-2 count 1
                         Split on: attr 8 value 2   (count 8 )
                          Leaf: class is 2 count 0
                          Split on: attr 3 value 2   (count 8 )
                           Leaf: class is 2 count 0
                           Split on: attr 7 value 2   (count 8 )
                            Leaf: class is 2 count 0
                            Split on: attr 1 value 2   (count 8 )
                             Leaf: class is 2 count 0
                             Split on: attr 4 value 2   (count 8 )
                              Leaf: class is not-2 count 2
                              Split on: attr 2 value 2   (count 6 )
                               Leaf: class is 2 count 0
                               Split on: attr 6 value 2   (count 6 )
                                Leaf: class is 2 count 0
                                Split on: attr 9 value 3   (count 6 )
                                 Leaf: class is 2 count 0
                                 Split on: attr 1 value 3   (count 6 )
                                  Leaf: class is 2 count 0
                                  Split on: attr 5 value 3   (count 6 )
                                   Split on: attr 3 value 3   (count 4 )
                                    Leaf: class is 2 count 1
                                    Leaf: class is not-2 count 3
                                   Leaf: class is not-2 count 2
                   Leaf: class is 2 count 0
        Leaf: class is 2 count 0
       Leaf: class is not-2 count 1
      Split on: attr 9 value ,   (count 94 )
       Leaf: class is not-2 count 1
       Split on: attr 7 value ,   (count 93 )
        Leaf: class is 2 count 0
        Split on: attr 7 value 0   (count 93 )
         Leaf: class is 2 count 0
         Split on: attr 6 value 0   (count 93 )
          Leaf: class is 2 count 0
          Split on: attr 3 value 0   (count 93 )
           Leaf: class is 2 count 0
           Split on: attr 9 value 0   (count 93 )
            Leaf: class is 2 count 0
            Split on: attr 4 value 0   (count 93 )
             Leaf: class is 2 count 0
             Split on: attr 8 value 0   (count 93 )
              Leaf: class is 2 count 0
              Split on: attr 5 value 0   (count 93 )
               Leaf: class is 2 count 0
               Split on: attr 2 value 1   (count 93 )
                Leaf: class is 2 count 69
                Split on: attr 3 value 1   (count 24 )
                 Leaf: class is 2 count 7
                 Split on: attr 4 value 1   (count 17 )
                  Leaf: class is 2 count 6
                  Split on: attr 6 value 1   (count 11 )
                   Leaf: class is 2 count 2
                   Split on: attr 7 value 1   (count 9 )
                    Leaf: class is 2 count 0
                    Split on: attr 8 value 1   (count 9 )
                     Split on: attr 9 value 1   (count 2 )
                      Split on: attr 1 value 1   (count 2 )
                       Leaf: class is 2 count 0
                       Split on: attr 5 value 1   (count 2 )
                        Leaf: class is 2 count 0
                        Split on: attr 5 value 2   (count 2 )
                         Leaf: class is 2 count 0
                         Split on: attr 8 value 2   (count 2 )
                          Leaf: class is 2 count 0
                          Split on: attr 3 value 2   (count 2 )
                           Leaf: class is 2 count 0
                           Split on: attr 7 value 2   (count 2 )
                            Leaf: class is 2 count 0
                            Split on: attr 1 value 2   (count 2 )
                             Leaf: class is 2 count 0
                             Split on: attr 4 value 2   (count 2 )
                              Leaf: class is 2 count 0
                              Split on: attr 2 value 2   (count 2 )
                               Leaf: class is 2 count 0
                               Split on: attr 6 value 2   (count 2 )
                                Leaf: class is 2 count 1
                                Leaf: class is not-2 count 1
                      Leaf: class is 2 count 0
                     Split on: attr 9 value 1   (count 7 )
                      Split on: attr 1 value 1   (count 5 )
                       Leaf: class is 2 count 0
                       Split on: attr 5 value 1   (count 5 )
                        Leaf: class is 2 count 0
                        Split on: attr 5 value 2   (count 5 )
                         Leaf: class is not-2 count 2
                         Split on: attr 8 value 2   (count 3 )
                          Leaf: class is 2 count 1
                          Leaf: class is not-2 count 2
                      Leaf: class is not-2 count 2


Test Results:
There are 139 examples in the training data.
There are 80 rules in the decision tree.
There is an average of 1.74 examples per rule.
94.15 percent of not-class examples were classified correctly (161/171)
92.54 percent of class examples were classified correctly (360/389)
93.04 percent of all the data were classified correctly (521/560)
