Split on: attr 9 value 1   (count 139 )
 Split on: attr 6 value 1   (count 98 )
  Split on: attr 4 value 1   (count 78 )
   Leaf: class is 2 count 66
   Split on: attr 8 value 1   (count 12 )
    Leaf: class is 2 count 8
    Split on: attr 2 value 1   (count 4 )
     Leaf: class is 2 count 1
     Split on: attr 5 value 2   (count 3 )
      Leaf: class is 2 count 1
      Split on: attr 3 value 1   (count 2 )
       Leaf: class is 2 count 0
       Split on: attr 7 value 2   (count 2 )
        Leaf: class is 2 count 0
        Split on: attr 1 value 1   (count 2 )
         Leaf: class is 2 count 0
         Split on: attr 7 value 1   (count 2 )
          Leaf: class is 2 count 0
          Split on: attr 1 value 5   (count 2 )
           Leaf: class is 2 count 0
           Split on: attr 9 value ,   (count 2 )
            Leaf: class is 2 count 0
            Split on: attr 8 value ,   (count 2 )
             Leaf: class is 2 count 0
             Split on: attr 7 value ,   (count 2 )
              Leaf: class is 2 count 0
              Split on: attr 7 value 3   (count 2 )
               Leaf: class is 2 count 0
               Split on: attr 1 value 3   (count 2 )
                Leaf: class is 2 count 0
                Split on: attr 1 value 4   (count 2 )
                 Leaf: class is 2 count 0
                 Split on: attr 3 value ,   (count 2 )
                  Leaf: class is 2 count 0
                  Split on: attr 2 value 3   (count 2 )
                   Leaf: class is 2 count 0
                   Split on: attr 6 value ,   (count 2 )
                    Leaf: class is 2 count 0
                    Split on: attr 5 value 1   (count 2 )
                     Leaf: class is 2 count 0
                     Split on: attr 1 value 8   (count 2 )
                      Leaf: class is 2 count 1
                      Leaf: class is not-2 count 1
  Split on: attr 4 value 1   (count 20 )
   Split on: attr 8 value 1   (count 12 )
    Leaf: class is 2 count 8
    Split on: attr 2 value 1   (count 4 )
     Leaf: class is 2 count 1
     Split on: attr 5 value 2   (count 3 )
      Leaf: class is not-2 count 2
      Leaf: class is 2 count 1
   Split on: attr 8 value 1   (count 8 )
    Leaf: class is 2 count 1
    Leaf: class is not-2 count 7
 Leaf: class is not-2 count 41


Test Results:
There are 139 examples in the training data.
There are 28 rules in the decision tree.
There is an average of 4.96 examples per rule.
86.76 percent of not-class examples were classified correctly (177/204)
96.35 percent of class examples were classified correctly (343/356)
92.86 percent of all the data were classified correctly (520/560)
