Split on: attr 6 value 1   (count 139 )
 Split on: attr 9 value 1   (count 98 )
  Leaf: class is 2 count 83
  Split on: attr 8 value 1   (count 15 )
   Leaf: class is 2 count 2
   Split on: attr 2 value 1   (count 13 )
    Split on: attr 4 value 1   (count 2 )
     Leaf: class is 2 count 1
     Leaf: class is not-2 count 1
    Leaf: class is not-2 count 11
 Split on: attr 9 value 1   (count 41 )
  Split on: attr 8 value 1   (count 15 )
   Split on: attr 2 value 1   (count 8 )
    Split on: attr 4 value 1   (count 5 )
     Leaf: class is 2 count 4
     Leaf: class is not-2 count 1
    Leaf: class is 2 count 3
   Split on: attr 2 value 1   (count 7 )
    Split on: attr 4 value 1   (count 3 )
     Leaf: class is 2 count 2
     Leaf: class is not-2 count 1
    Split on: attr 4 value 1   (count 4 )
     Leaf: class is not-2 count 1
     Split on: attr 5 value 2   (count 3 )
      Leaf: class is 2 count 0
      Split on: attr 3 value 1   (count 3 )
       Leaf: class is 2 count 0
       Split on: attr 1 value 1   (count 3 )
        Leaf: class is not-2 count 1
        Split on: attr 7 value 1   (count 2 )
         Leaf: class is 2 count 0
         Split on: attr 7 value 2   (count 2 )
          Leaf: class is 2 count 0
          Split on: attr 7 value 3   (count 2 )
           Leaf: class is 2 count 0
           Split on: attr 9 value ,   (count 2 )
            Leaf: class is 2 count 0
            Split on: attr 1 value 5   (count 2 )
             Leaf: class is 2 count 0
             Split on: attr 8 value ,   (count 2 )
              Leaf: class is 2 count 0
              Split on: attr 7 value ,   (count 2 )
               Leaf: class is 2 count 0
               Split on: attr 1 value 3   (count 2 )
                Leaf: class is 2 count 1
                Leaf: class is not-2 count 1
  Split on: attr 8 value 1   (count 26 )
   Split on: attr 2 value 1   (count 4 )
    Leaf: class is 2 count 0
    Split on: attr 4 value 1   (count 4 )
     Split on: attr 5 value 2   (count 3 )
      Split on: attr 3 value 1   (count 2 )
       Leaf: class is 2 count 0
       Split on: attr 1 value 1   (count 2 )
        Leaf: class is 2 count 0
        Split on: attr 7 value 1   (count 2 )
         Leaf: class is 2 count 0
         Split on: attr 7 value 2   (count 2 )
          Leaf: class is 2 count 1
          Leaf: class is not-2 count 1
      Leaf: class is not-2 count 1
     Leaf: class is not-2 count 1
   Split on: attr 2 value 1   (count 22 )
    Leaf: class is not-2 count 6
    Split on: attr 4 value 1   (count 16 )
     Leaf: class is not-2 count 4
     Split on: attr 5 value 2   (count 12 )
      Leaf: class is 2 count 1
      Leaf: class is not-2 count 11


Test Results:
There are 139 examples in the training data.
There are 35 rules in the decision tree.
There is an average of 3.97 examples per rule.
90.31 percent of not-class examples were classified correctly (177/196)
93.68 percent of class examples were classified correctly (341/364)
92.50 percent of all the data were classified correctly (518/560)
