Split on: attr 9 value 1   (count 139 )
 Split on: attr 8 value 1   (count 95 )
  Leaf: class is not-4 count 81
  Split on: attr 6 value 1   (count 14 )
   Leaf: class is not-4 count 8
   Split on: attr 3 value 5   (count 6 )
    Leaf: class is not-4 count 1
    Leaf: class is 4 count 5
 Split on: attr 3 value 1   (count 44 )
  Split on: attr 2 value 7   (count 5 )
   Leaf: class is 4 count 1
   Leaf: class is not-4 count 4
  Leaf: class is 4 count 39


Test Results:
There are 139 examples in the training data.
There are 7 rules in the decision tree.
There is an average of 19.86 examples per rule.
96.61 percent of not-class examples were classified correctly (342/354)
89.32 percent of class examples were classified correctly (184/206)
93.93 percent of all the data were classified correctly (526/560)
