Split on: attr 7 value ,   (count 139 )
 Split on: attr 8 value ,   (count 24 )
  Split on: attr 9 value ,   (count 19 )
   Split on: attr 2 value ,   (count 16 )
    Leaf: class is not-2 count 5
    Split on: attr 5 value ,   (count 11 )
     Leaf: class is 2 count 0
     Split on: attr 6 value ,   (count 11 )
      Leaf: class is not-2 count 1
      Split on: attr 3 value ,   (count 10 )
       Leaf: class is 2 count 0
       Split on: attr 4 value ,   (count 10 )
        Leaf: class is 2 count 0
        Split on: attr 3 value 0   (count 10 )
         Leaf: class is 2 count 0
         Split on: attr 4 value 0   (count 10 )
          Leaf: class is 2 count 0
          Split on: attr 8 value 0   (count 10 )
           Leaf: class is 2 count 0
           Split on: attr 9 value 0   (count 10 )
            Leaf: class is 2 count 0
            Split on: attr 7 value 0   (count 10 )
             Leaf: class is 2 count 0
             Split on: attr 5 value 0   (count 10 )
              Leaf: class is 2 count 0
              Split on: attr 6 value 0   (count 10 )
               Leaf: class is 2 count 0
               Split on: attr 2 value 1   (count 10 )
                Leaf: class is 2 count 0
                Split on: attr 3 value 1   (count 10 )
                 Leaf: class is 2 count 0
                 Split on: attr 6 value 1   (count 10 )
                  Split on: attr 7 value 1   (count 10 )
                   Leaf: class is 2 count 0
                   Split on: attr 8 value 1   (count 10 )
                    Leaf: class is 2 count 0
                    Split on: attr 9 value 1   (count 10 )
                     Leaf: class is 2 count 0
                     Split on: attr 1 value 1   (count 10 )
                      Leaf: class is 2 count 0
                      Split on: attr 4 value 1   (count 10 )
                       Leaf: class is 2 count 0
                       Split on: attr 5 value 1   (count 10 )
                        Leaf: class is 2 count 0
                        Split on: attr 5 value 2   (count 10 )
                         Leaf: class is not-2 count 1
                         Split on: attr 7 value 2   (count 9 )
                          Leaf: class is 2 count 0
                          Split on: attr 9 value 2   (count 9 )
                           Leaf: class is 2 count 0
                           Split on: attr 8 value 2   (count 9 )
                            Leaf: class is 2 count 0
                            Split on: attr 2 value 2   (count 9 )
                             Leaf: class is 2 count 0
                             Split on: attr 6 value 2   (count 9 )
                              Leaf: class is 2 count 0
                              Split on: attr 3 value 2   (count 9 )
                               Leaf: class is 2 count 0
                               Split on: attr 4 value 2   (count 9 )
                                Leaf: class is not-2 count 1
                                Split on: attr 1 value 2   (count 8 )
                                 Leaf: class is 2 count 0
                                 Split on: attr 5 value 3   (count 8 )
                                  Leaf: class is 2 count 1
                                  Split on: attr 1 value 3   (count 7 )
                                   Leaf: class is 2 count 0
                                   Split on: attr 7 value 3   (count 7 )
                                    Leaf: class is 2 count 0
                                    Split on: attr 2 value 3   (count 7 )
                                     Leaf: class is not-2 count 2
                                     Split on: attr 3 value 3   (count 5 )
                                      Leaf: class is 2 count 0
                                      Split on: attr 4 value 3   (count 5 )
                                       Leaf: class is 2 count 0
                                       Split on: attr 8 value 3   (count 5 )
                                        Leaf: class is 2 count 0
                                        Split on: attr 6 value 3   (count 5 )
                                         Leaf: class is 2 count 0
                                         Split on: attr 9 value 3   (count 5 )
                                          Leaf: class is 2 count 0
                                          Split on: attr 2 value 4   (count 5 )
                                           Split on: attr 3 value 4   (count 2 )
                                            Leaf: class is 2 count 1
                                            Leaf: class is not-2 count 1
                                           Leaf: class is not-2 count 3
                  Leaf: class is 2 count 0
   Leaf: class is not-2 count 3
  Leaf: class is not-2 count 5
 Split on: attr 8 value ,   (count 115 )
  Leaf: class is not-2 count 5
  Split on: attr 9 value ,   (count 110 )
   Leaf: class is not-2 count 4
   Split on: attr 2 value ,   (count 106 )
    Leaf: class is not-2 count 5
    Split on: attr 5 value ,   (count 101 )
     Leaf: class is not-2 count 3
     Split on: attr 6 value ,   (count 98 )
      Leaf: class is not-2 count 1
      Split on: attr 3 value ,   (count 97 )
       Leaf: class is not-2 count 2
       Split on: attr 4 value ,   (count 95 )
        Leaf: class is 2 count 0
        Split on: attr 3 value 0   (count 95 )
         Leaf: class is 2 count 0
         Split on: attr 4 value 0   (count 95 )
          Leaf: class is 2 count 0
          Split on: attr 8 value 0   (count 95 )
           Leaf: class is 2 count 0
           Split on: attr 9 value 0   (count 95 )
            Leaf: class is 2 count 0
            Split on: attr 7 value 0   (count 95 )
             Leaf: class is 2 count 0
             Split on: attr 5 value 0   (count 95 )
              Leaf: class is 2 count 0
              Split on: attr 6 value 0   (count 95 )
               Leaf: class is 2 count 0
               Split on: attr 2 value 1   (count 95 )
                Leaf: class is 2 count 76
                Split on: attr 3 value 1   (count 19 )
                 Leaf: class is 2 count 5
                 Split on: attr 6 value 1   (count 14 )
                  Leaf: class is 2 count 5
                  Split on: attr 7 value 1   (count 9 )
                   Leaf: class is 2 count 0
                   Split on: attr 8 value 1   (count 9 )
                    Split on: attr 9 value 1   (count 3 )
                     Split on: attr 1 value 1   (count 3 )
                      Leaf: class is 2 count 0
                      Split on: attr 4 value 1   (count 3 )
                       Leaf: class is not-2 count 1
                       Split on: attr 5 value 1   (count 2 )
                        Leaf: class is 2 count 0
                        Split on: attr 5 value 2   (count 2 )
                         Leaf: class is 2 count 1
                         Leaf: class is not-2 count 1
                     Leaf: class is 2 count 0
                    Split on: attr 9 value 1   (count 6 )
                     Split on: attr 1 value 1   (count 4 )
                      Leaf: class is 2 count 0
                      Split on: attr 4 value 1   (count 4 )
                       Leaf: class is 2 count 1
                       Split on: attr 5 value 1   (count 3 )
                        Leaf: class is 2 count 0
                        Split on: attr 5 value 2   (count 3 )
                         Leaf: class is not-2 count 1
                         Split on: attr 7 value 2   (count 2 )
                          Leaf: class is 2 count 0
                          Split on: attr 9 value 2   (count 2 )
                           Leaf: class is 2 count 0
                           Split on: attr 8 value 2   (count 2 )
                            Leaf: class is 2 count 0
                            Split on: attr 2 value 2   (count 2 )
                             Leaf: class is 2 count 0
                             Split on: attr 6 value 2   (count 2 )
                              Leaf: class is 2 count 0
                              Split on: attr 3 value 2   (count 2 )
                               Leaf: class is 2 count 1
                               Leaf: class is not-2 count 1
                     Leaf: class is not-2 count 2


Test Results:
There are 139 examples in the training data.
There are 80 rules in the decision tree.
There is an average of 1.74 examples per rule.
93.37 percent of not-class examples were classified correctly (155/166)
90.36 percent of class examples were classified correctly (356/394)
91.25 percent of all the data were classified correctly (511/560)
